<?xml version="1.0" encoding="UTF-8"?>
<testng-results ignored="0" total="1" passed="1" failed="0" skipped="0">
  <reporter-output>
  </reporter-output>
  <suite started-at="2021-12-29T13:05:40 IST" name="Suite" finished-at="2021-12-29T13:05:46 IST" duration-ms="6829">
    <groups>
    </groups>
    <test started-at="2021-12-29T13:05:40 IST" name="Test" finished-at="2021-12-29T13:05:46 IST" duration-ms="6829">
      <class name="org.testing.TestScripts.TC1">
        <test-method is-config="true" signature="init()[pri:0, instance:org.testing.TestScripts.TC1@fba92d3]" started-at="2021-12-29T13:05:40 IST" name="init" finished-at="2021-12-29T13:05:44 IST" duration-ms="4603" status="PASS">
          <reporter-output>
          </reporter-output>
        </test-method> <!-- init -->
        <test-method signature="testCase1()[pri:0, instance:org.testing.TestScripts.TC1@fba92d3]" started-at="2021-12-29T13:05:44 IST" name="testCase1" finished-at="2021-12-29T13:05:46 IST" duration-ms="1916" status="PASS">
          <reporter-output>
          </reporter-output>
        </test-method> <!-- testCase1 -->
        <test-method is-config="true" signature="close()[pri:0, instance:org.testing.TestScripts.TC1@fba92d3]" started-at="2021-12-29T13:05:46 IST" name="close" finished-at="2021-12-29T13:05:46 IST" duration-ms="265" status="PASS">
          <reporter-output>
          </reporter-output>
        </test-method> <!-- close -->
      </class> <!-- org.testing.TestScripts.TC1 -->
    </test> <!-- Test -->
  </suite> <!-- Suite -->
</testng-results>
